# JRE version: OpenJDK Runtime Environment Temurin-21.0.9+10 (21.0.9+10) (build 21.0.9+10-LTS)
# Java VM: OpenJDK 64-Bit Server VM Temurin-21.0.9+10 (21.0.9+10-LTS, mixed mode, sharing, tiered, compressed oops, compressed class ptrs, parallel gc, windows-amd64)
GC Precious Log:
 CardTable entry size: 512
 CPUs: 8 total, 8 available
 Memory: 7455M
 Large Page Support: Disabled
 NUMA Support: Disabled
 Compressed Oops: Enabled (32-bit)
 Alignments: Space 512K, Generation 512K, Heap 2M
 Heap Min Capacity: 100M
 Heap Initial Capacity: 100M
 Heap Max Capacity: 2G
 Pre-touch: Disabled
 Parallel Workers: 8
Heap:
 PSYoungGen      total 9728K, used 4595K [0x00000000d5580000, 0x00000000d6280000, 0x0000000100000000)
  eden space 9216K, 44% used [0x00000000d5580000,0x00000000d597ec30,0x00000000d5e80000)
  from space 512K, 98% used [0x00000000d6200000,0x00000000d627e1a8,0x00000000d6280000)
  to   space 1024K, 0% used [0x00000000d6080000,0x00000000d6080000,0x00000000d6180000)
 ParOldGen       total 68608K, used 57701K [0x0000000080000000, 0x0000000084300000, 0x00000000d5580000)
  object space 68608K, 84% used [0x0000000080000000,0x0000000083859410,0x0000000084300000)
 Metaspace       used 72156K, committed 73728K, reserved 1114112K
  class space    used 9078K, committed 9792K, reserved 1048576K
GC Heap History (20 events):
Event: 777.455 GC heap before
{Heap before GC invocations=156 (full 3):
 PSYoungGen      total 9728K, used 9376K [0x00000000d5580000, 0x00000000d6280000, 0x0000000100000000)
  eden space 9216K, 100% used [0x00000000d5580000,0x00000000d5e80000,0x00000000d5e80000)
  from space 512K, 31% used [0x00000000d6200000,0x00000000d6228000,0x00000000d6280000)
  to   space 512K, 0% used [0x00000000d6180000,0x00000000d6180000,0x00000000d6200000)
 ParOldGen       total 68608K, used 57385K [0x0000000080000000, 0x0000000084300000, 0x00000000d5580000)
  object space 68608K, 83% used [0x0000000080000000,0x000000008380a700,0x0000000084300000)
 Metaspace       used 70457K, committed 72000K, reserved 1114112K
  class space    used 8873K, committed 9600K, reserved 1048576K
}
Event: 777.456 GC heap after
{Heap after GC invocations=156 (full 3):
 PSYoungGen      total 9728K, used 224K [0x00000000d5580000, 0x00000000d6280000, 0x0000000100000000)
  eden space 9216K, 0% used [0x00000000d5580000,0x00000000d5580000,0x00000000d5e80000)
  from space 512K, 43% used [0x00000000d6180000,0x00000000d61b8000,0x00000000d6200000)
  to   space 512K, 0% used [0x00000000d6200000,0x00000000d6200000,0x00000000d6280000)
 ParOldGen       total 68608K, used 57445K [0x0000000080000000, 0x0000000084300000, 0x00000000d5580000)
  object space 68608K, 83% used [0x0000000080000000,0x0000000083819410,0x0000000084300000)
 Metaspace       used 70457K, committed 72000K, reserved 1114112K
  class space    used 8873K, committed 9600K, reserved 1048576K
}
Event: 777.567 GC heap before
{Heap before GC invocations=157 (full 3):
 PSYoungGen      total 9728K, used 9440K [0x00000000d5580000, 0x00000000d6280000, 0x0000000100000000)
  eden space 9216K, 100% used [0x00000000d5580000,0x00000000d5e80000,0x00000000d5e80000)
  from space 512K, 43% used [0x00000000d6180000,0x00000000d61b8000,0x00000000d6200000)
  to   space 512K, 0% used [0x00000000d6200000,0x00000000d6200000,0x00000000d6280000)
 ParOldGen       total 68608K, used 57445K [0x0000000080000000, 0x0000000084300000, 0x00000000d5580000)
  object space 68608K, 83% used [0x0000000080000000,0x0000000083819410,0x0000000084300000)
 Metaspace       used 70457K, committed 72000K, reserved 1114112K
  class space    used 8873K, committed 9600K, reserved 1048576K
}
Event: 777.569 GC heap after
{Heap after GC invocations=157 (full 3):
 PSYoungGen      total 9728K, used 128K [0x00000000d5580000, 0x00000000d6280000, 0x0000000100000000)
  eden space 9216K, 0% used [0x00000000d5580000,0x00000000d5580000,0x00000000d5e80000)
  from space 512K, 25% used [0x00000000d6200000,0x00000000d6220000,0x00000000d6280000)
  to   space 512K, 0% used [0x00000000d6180000,0x00000000d6180000,0x00000000d6200000)
 ParOldGen       total 68608K, used 57461K [0x0000000080000000, 0x0000000084300000, 0x00000000d5580000)
  object space 68608K, 83% used [0x0000000080000000,0x000000008381d410,0x0000000084300000)
 Metaspace       used 70457K, committed 72000K, reserved 1114112K
  class space    used 8873K, committed 9600K, reserved 1048576K
}
Event: 777.634 GC heap before
{Heap before GC invocations=158 (full 3):
 PSYoungGen      total 9728K, used 9344K [0x00000000d5580000, 0x00000000d6280000, 0x0000000100000000)
  eden space 9216K, 100% used [0x00000000d5580000,0x00000000d5e80000,0x00000000d5e80000)
  from space 512K, 25% used [0x00000000d6200000,0x00000000d6220000,0x00000000d6280000)
  to   space 512K, 0% used [0x00000000d6180000,0x00000000d6180000,0x00000000d6200000)
 ParOldGen       total 68608K, used 57461K [0x0000000080000000, 0x0000000084300000, 0x00000000d5580000)
  object space 68608K, 83% used [0x0000000080000000,0x000000008381d410,0x0000000084300000)
 Metaspace       used 70457K, committed 72000K, reserved 1114112K
  class space    used 8873K, committed 9600K, reserved 1048576K
}
Event: 777.636 GC heap after
{Heap after GC invocations=158 (full 3):
 PSYoungGen      total 9728K, used 96K [0x00000000d5580000, 0x00000000d6280000, 0x0000000100000000)
  eden space 9216K, 0% used [0x00000000d5580000,0x00000000d5580000,0x00000000d5e80000)
  from space 512K, 18% used [0x00000000d6180000,0x00000000d6198000,0x00000000d6200000)
  to   space 512K, 0% used [0x00000000d6200000,0x00000000d6200000,0x00000000d6280000)
 ParOldGen       total 68608K, used 57469K [0x0000000080000000, 0x0000000084300000, 0x00000000d5580000)
  object space 68608K, 83% used [0x0000000080000000,0x000000008381f410,0x0000000084300000)
 Metaspace       used 70457K, committed 72000K, reserved 1114112K
  class space    used 8873K, committed 9600K, reserved 1048576K
}
Event: 778.319 GC heap before
{Heap before GC invocations=159 (full 3):
 PSYoungGen      total 9728K, used 9312K [0x00000000d5580000, 0x00000000d6280000, 0x0000000100000000)
  eden space 9216K, 100% used [0x00000000d5580000,0x00000000d5e80000,0x00000000d5e80000)
  from space 512K, 18% used [0x00000000d6180000,0x00000000d6198000,0x00000000d6200000)
  to   space 512K, 0% used [0x00000000d6200000,0x00000000d6200000,0x00000000d6280000)
 ParOldGen       total 68608K, used 57469K [0x0000000080000000, 0x0000000084300000, 0x00000000d5580000)
  object space 68608K, 83% used [0x0000000080000000,0x000000008381f410,0x0000000084300000)
 Metaspace       used 70459K, committed 72000K, reserved 1114112K
  class space    used 8873K, committed 9600K, reserved 1048576K
}
Event: 778.321 GC heap after
{Heap after GC invocations=159 (full 3):
 PSYoungGen      total 9728K, used 160K [0x00000000d5580000, 0x00000000d6280000, 0x0000000100000000)
  eden space 9216K, 0% used [0x00000000d5580000,0x00000000d5580000,0x00000000d5e80000)
  from space 512K, 31% used [0x00000000d6200000,0x00000000d6228000,0x00000000d6280000)
  to   space 512K, 0% used [0x00000000d6180000,0x00000000d6180000,0x00000000d6200000)
 ParOldGen       total 68608K, used 57493K [0x0000000080000000, 0x0000000084300000, 0x00000000d5580000)
  object space 68608K, 83% used [0x0000000080000000,0x0000000083825410,0x0000000084300000)
 Metaspace       used 70459K, committed 72000K, reserved 1114112K
  class space    used 8873K, committed 9600K, reserved 1048576K
}
Event: 779.680 GC heap before
{Heap before GC invocations=160 (full 3):
 PSYoungGen      total 9728K, used 9376K [0x00000000d5580000, 0x00000000d6280000, 0x0000000100000000)
  eden space 9216K, 100% used [0x00000000d5580000,0x00000000d5e80000,0x00000000d5e80000)
  from space 512K, 31% used [0x00000000d6200000,0x00000000d6228000,0x00000000d6280000)
  to   space 512K, 0% used [0x00000000d6180000,0x00000000d6180000,0x00000000d6200000)
 ParOldGen       total 68608K, used 57493K [0x0000000080000000, 0x0000000084300000, 0x00000000d5580000)
  object space 68608K, 83% used [0x0000000080000000,0x0000000083825410,0x0000000084300000)
 Metaspace       used 70459K, committed 72000K, reserved 1114112K
  class space    used 8873K, committed 9600K, reserved 1048576K
}
Event: 779.681 GC heap after
{Heap after GC invocations=160 (full 3):
 PSYoungGen      total 9728K, used 160K [0x00000000d5580000, 0x00000000d6280000, 0x0000000100000000)
  eden space 9216K, 0% used [0x00000000d5580000,0x00000000d5580000,0x00000000d5e80000)
  from space 512K, 31% used [0x00000000d6180000,0x00000000d61a8000,0x00000000d6200000)
  to   space 512K, 0% used [0x00000000d6200000,0x00000000d6200000,0x00000000d6280000)
 ParOldGen       total 68608K, used 57549K [0x0000000080000000, 0x0000000084300000, 0x00000000d5580000)
  object space 68608K, 83% used [0x0000000080000000,0x0000000083833410,0x0000000084300000)
 Metaspace       used 70459K, committed 72000K, reserved 1114112K
  class space    used 8873K, committed 9600K, reserved 1048576K
}
Event: 779.859 GC heap before
{Heap before GC invocations=161 (full 3):
 PSYoungGen      total 9728K, used 9376K [0x00000000d5580000, 0x00000000d6280000, 0x0000000100000000)
  eden space 9216K, 100% used [0x00000000d5580000,0x00000000d5e80000,0x00000000d5e80000)
  from space 512K, 31% used [0x00000000d6180000,0x00000000d61a8000,0x00000000d6200000)
  to   space 512K, 0% used [0x00000000d6200000,0x00000000d6200000,0x00000000d6280000)
 ParOldGen       total 68608K, used 57549K [0x0000000080000000, 0x0000000084300000, 0x00000000d5580000)
  object space 68608K, 83% used [0x0000000080000000,0x0000000083833410,0x0000000084300000)
 Metaspace       used 70459K, committed 72000K, reserved 1114112K
  class space    used 8873K, committed 9600K, reserved 1048576K
}
Event: 779.860 GC heap after
{Heap after GC invocations=161 (full 3):
 PSYoungGen      total 9728K, used 192K [0x00000000d5580000, 0x00000000d6280000, 0x0000000100000000)
  eden space 9216K, 0% used [0x00000000d5580000,0x00000000d5580000,0x00000000d5e80000)
  from space 512K, 37% used [0x00000000d6200000,0x00000000d6230000,0x00000000d6280000)
  to   space 512K, 0% used [0x00000000d6180000,0x00000000d6180000,0x00000000d6200000)
 ParOldGen       total 68608K, used 57581K [0x0000000080000000, 0x0000000084300000, 0x00000000d5580000)
  object space 68608K, 83% used [0x0000000080000000,0x000000008383b410,0x0000000084300000)
 Metaspace       used 70459K, committed 72000K, reserved 1114112K
  class space    used 8873K, committed 9600K, reserved 1048576K
}
Event: 780.028 GC heap before
{Heap before GC invocations=162 (full 3):
 PSYoungGen      total 9728K, used 9397K [0x00000000d5580000, 0x00000000d6280000, 0x0000000100000000)
  eden space 9216K, 99% used [0x00000000d5580000,0x00000000d5e7d630,0x00000000d5e80000)
  from space 512K, 37% used [0x00000000d6200000,0x00000000d6230000,0x00000000d6280000)
  to   space 512K, 0% used [0x00000000d6180000,0x00000000d6180000,0x00000000d6200000)
 ParOldGen       total 68608K, used 57581K [0x0000000080000000, 0x0000000084300000, 0x00000000d5580000)
  object space 68608K, 83% used [0x0000000080000000,0x000000008383b410,0x0000000084300000)
 Metaspace       used 70461K, committed 72000K, reserved 1114112K
  class space    used 8873K, committed 9600K, reserved 1048576K
}
Event: 780.030 GC heap after
{Heap after GC invocations=162 (full 3):
 PSYoungGen      total 9728K, used 128K [0x00000000d5580000, 0x00000000d6280000, 0x0000000100000000)
  eden space 9216K, 0% used [0x00000000d5580000,0x00000000d5580000,0x00000000d5e80000)
  from space 512K, 25% used [0x00000000d6180000,0x00000000d61a0000,0x00000000d6200000)
  to   space 512K, 0% used [0x00000000d6200000,0x00000000d6200000,0x00000000d6280000)
 ParOldGen       total 68608K, used 57581K [0x0000000080000000, 0x0000000084300000, 0x00000000d5580000)
  object space 68608K, 83% used [0x0000000080000000,0x000000008383b410,0x0000000084300000)
 Metaspace       used 70461K, committed 72000K, reserved 1114112K
  class space    used 8873K, committed 9600K, reserved 1048576K
}
Event: 781.110 GC heap before
{Heap before GC invocations=163 (full 3):
 PSYoungGen      total 9728K, used 9344K [0x00000000d5580000, 0x00000000d6280000, 0x0000000100000000)
  eden space 9216K, 100% used [0x00000000d5580000,0x00000000d5e80000,0x00000000d5e80000)
  from space 512K, 25% used [0x00000000d6180000,0x00000000d61a0000,0x00000000d6200000)
  to   space 512K, 0% used [0x00000000d6200000,0x00000000d6200000,0x00000000d6280000)
 ParOldGen       total 68608K, used 57581K [0x0000000080000000, 0x0000000084300000, 0x00000000d5580000)
  object space 68608K, 83% used [0x0000000080000000,0x000000008383b410,0x0000000084300000)
 Metaspace       used 70682K, committed 72192K, reserved 1114112K
  class space    used 8887K, committed 9600K, reserved 1048576K
}
Event: 781.112 GC heap after
{Heap after GC invocations=163 (full 3):
 PSYoungGen      total 9728K, used 256K [0x00000000d5580000, 0x00000000d6280000, 0x0000000100000000)
  eden space 9216K, 0% used [0x00000000d5580000,0x00000000d5580000,0x00000000d5e80000)
  from space 512K, 50% used [0x00000000d6200000,0x00000000d6240000,0x00000000d6280000)
  to   space 512K, 0% used [0x00000000d6180000,0x00000000d6180000,0x00000000d6200000)
 ParOldGen       total 68608K, used 57589K [0x0000000080000000, 0x0000000084300000, 0x00000000d5580000)
  object space 68608K, 83% used [0x0000000080000000,0x000000008383d410,0x0000000084300000)
 Metaspace       used 70682K, committed 72192K, reserved 1114112K
  class space    used 8887K, committed 9600K, reserved 1048576K
}
Event: 781.873 GC heap before
{Heap before GC invocations=164 (full 3):
 PSYoungGen      total 9728K, used 9472K [0x00000000d5580000, 0x00000000d6280000, 0x0000000100000000)
  eden space 9216K, 100% used [0x00000000d5580000,0x00000000d5e80000,0x00000000d5e80000)
  from space 512K, 50% used [0x00000000d6200000,0x00000000d6240000,0x00000000d6280000)
  to   space 512K, 0% used [0x00000000d6180000,0x00000000d6180000,0x00000000d6200000)
 ParOldGen       total 68608K, used 57589K [0x0000000080000000, 0x0000000084300000, 0x00000000d5580000)
  object space 68608K, 83% used [0x0000000080000000,0x000000008383d410,0x0000000084300000)
 Metaspace       used 70683K, committed 72192K, reserved 1114112K
  class space    used 8887K, committed 9600K, reserved 1048576K
}
Event: 781.877 GC heap after
{Heap after GC invocations=164 (full 3):
 PSYoungGen      total 9728K, used 160K [0x00000000d5580000, 0x00000000d6280000, 0x0000000100000000)
  eden space 9216K, 0% used [0x00000000d5580000,0x00000000d5580000,0x00000000d5e80000)
  from space 512K, 31% used [0x00000000d6180000,0x00000000d61a8000,0x00000000d6200000)
  to   space 512K, 0% used [0x00000000d6200000,0x00000000d6200000,0x00000000d6280000)
 ParOldGen       total 68608K, used 57661K [0x0000000080000000, 0x0000000084300000, 0x00000000d5580000)
  object space 68608K, 84% used [0x0000000080000000,0x000000008384f410,0x0000000084300000)
 Metaspace       used 70683K, committed 72192K, reserved 1114112K
  class space    used 8887K, committed 9600K, reserved 1048576K
}
Event: 783.225 GC heap before
{Heap before GC invocations=165 (full 3):
 PSYoungGen      total 9728K, used 9376K [0x00000000d5580000, 0x00000000d6280000, 0x0000000100000000)
  eden space 9216K, 100% used [0x00000000d5580000,0x00000000d5e80000,0x00000000d5e80000)
  from space 512K, 31% used [0x00000000d6180000,0x00000000d61a8000,0x00000000d6200000)
  to   space 512K, 0% used [0x00000000d6200000,0x00000000d6200000,0x00000000d6280000)
 ParOldGen       total 68608K, used 57661K [0x0000000080000000, 0x0000000084300000, 0x00000000d5580000)
  object space 68608K, 84% used [0x0000000080000000,0x000000008384f410,0x0000000084300000)
 Metaspace       used 71613K, committed 73152K, reserved 1114112K
  class space    used 9002K, committed 9728K, reserved 1048576K
}
Event: 783.231 GC heap after
{Heap after GC invocations=165 (full 3):
 PSYoungGen      total 9728K, used 504K [0x00000000d5580000, 0x00000000d6280000, 0x0000000100000000)
  eden space 9216K, 0% used [0x00000000d5580000,0x00000000d5580000,0x00000000d5e80000)
  from space 512K, 98% used [0x00000000d6200000,0x00000000d627e1a8,0x00000000d6280000)
  to   space 1024K, 0% used [0x00000000d6080000,0x00000000d6080000,0x00000000d6180000)
 ParOldGen       total 68608K, used 57701K [0x0000000080000000, 0x0000000084300000, 0x00000000d5580000)
  object space 68608K, 84% used [0x0000000080000000,0x0000000083859410,0x0000000084300000)
 Metaspace       used 71613K, committed 73152K, reserved 1114112K
  class space    used 9002K, committed 9728K, reserved 1048576K
}

